2020-09-28 10:13:17,986 [JavaFX Application Thread] [INFO ] seabattlegui.SeaBattleApplication - Seabattle started
2020-09-28 10:13:25,307 [JavaFX Application Thread] [DEBUG] seabattlegame.SeaBattleGame - Register Player aa - password aaa
2020-09-28 10:13:28,180 [JavaFX Application Thread] [DEBUG] seabattlegui.SeaBattleApplication - Show Message for aa - Select square in aa's grid to place ships
2020-09-28 10:19:05,852 [JavaFX Application Thread] [INFO ] seabattlegui.SeaBattleApplication - Seabattle started
2020-09-28 10:19:10,148 [JavaFX Application Thread] [DEBUG] seabattlegame.SeaBattleGame - Register Player bb - password bb
2020-09-28 10:46:56,600 [JavaFX Application Thread] [INFO ] seabattlegui.SeaBattleApplication - Seabattle started
2020-09-28 11:06:06,390 [JavaFX Application Thread] [INFO ] seabattlegui.SeaBattleApplication - Seabattle started
2020-09-28 11:06:07,769 [JavaFX Application Thread] [DEBUG] seabattlegui.SeaBattleApplication - Show Message for  - Select square in 's grid to place ships
2020-09-28 11:06:09,206 [JavaFX Application Thread] [DEBUG] seabattlegui.SeaBattleApplication - Show Message for  - Select square in 's grid to place ships
2020-09-29 11:31:41,603 [JavaFX Application Thread] [INFO ] seabattlegui.SeaBattleApplication - Seabattle started
2020-09-29 11:31:47,705 [JavaFX Application Thread] [DEBUG] seabattlegame.SeaBattleGame - Register Player aa - password aa
2020-10-13 13:11:34,122 [JavaFX Application Thread] [INFO ] seabattlegui.SeaBattleApplication - Seabattle started
2020-10-13 13:11:35,931 [JavaFX Application Thread] [DEBUG] seabattlegui.SeaBattleApplication - Show Message for  - Select square in 's grid to place ships
2020-10-13 13:11:43,790 [JavaFX Application Thread] [DEBUG] seabattlegui.SeaBattleApplication - Show Message for  - Select square in 's grid to place ships
2020-10-13 13:11:51,031 [JavaFX Application Thread] [DEBUG] seabattlegame.SeaBattleGame - Register Player aaa - password aa
2020-10-13 13:12:10,491 [JavaFX Application Thread] [INFO ] seabattlegui.SeaBattleApplication - Seabattle started
2020-10-13 13:18:53,143 [JavaFX Application Thread] [INFO ] seabattlegui.SeaBattleApplication - Seabattle started
2020-10-13 13:18:57,215 [JavaFX Application Thread] [DEBUG] seabattlegame.SeaBattleGame - Register Player aa - password aa
2020-10-13 13:24:22,117 [JavaFX Application Thread] [INFO ] seabattlegui.SeaBattleApplication - Seabattle started
2020-10-13 13:24:25,080 [JavaFX Application Thread] [DEBUG] seabattlegame.SeaBattleGame - Register Player aaa - password aa
2020-10-13 13:24:25,083 [JavaFX Application Thread] [DEBUG] seabattlegui.SeaBattleApplication - Show Message for aaa - Player aaa registered
2020-10-13 13:34:48,889 [JavaFX Application Thread] [INFO ] seabattlegui.SeaBattleApplication - Seabattle started
2020-10-13 14:22:50,500 [JavaFX Application Thread] [INFO ] seabattlegui.SeaBattleApplication - Seabattle started
2020-10-13 14:22:54,036 [JavaFX Application Thread] [DEBUG] seabattlegui.SeaBattleApplication - Show Message for aa - Player aa registered
2020-10-13 14:28:04,557 [JavaFX Application Thread] [INFO ] seabattlegui.SeaBattleApplication - Seabattle started
2020-10-13 14:28:07,996 [JavaFX Application Thread] [DEBUG] seabattlegui.SeaBattleApplication - Show Message for a - Player a registered
2020-10-13 14:29:57,000 [JavaFX Application Thread] [INFO ] seabattlegui.SeaBattleApplication - Seabattle started
2020-10-13 14:30:00,220 [JavaFX Application Thread] [DEBUG] seabattlegui.SeaBattleApplication - Show Message for aa - Player aa registered
2020-10-13 14:30:49,966 [JavaFX Application Thread] [INFO ] seabattlegui.SeaBattleApplication - Seabattle started
2020-10-13 14:30:53,413 [JavaFX Application Thread] [DEBUG] seabattlegui.SeaBattleApplication - Show Message for aa - Player aa registered
2020-10-13 14:31:39,701 [JavaFX Application Thread] [INFO ] seabattlegui.SeaBattleApplication - Seabattle started
2020-10-13 14:31:43,708 [JavaFX Application Thread] [DEBUG] seabattlegui.SeaBattleApplication - Show Message for aa - Player aa registered
2020-10-13 14:36:55,000 [JavaFX Application Thread] [INFO ] seabattlegui.SeaBattleApplication - Seabattle started
2020-10-13 14:37:01,732 [JavaFX Application Thread] [DEBUG] seabattlegui.SeaBattleApplication - Show Message for aa - Player aa registered
2020-10-13 14:42:27,190 [JavaFX Application Thread] [INFO ] seabattlegui.SeaBattleApplication - Seabattle started
2020-10-13 14:42:31,277 [JavaFX Application Thread] [DEBUG] seabattlegui.SeaBattleApplication - Show Message for aa - Player aa registered
2020-10-13 14:42:33,580 [JavaFX Application Thread] [DEBUG] seabattlegui.SeaBattleApplication - Show Message for aa - Select square in aa's grid to place ship
2020-10-13 14:44:16,237 [JavaFX Application Thread] [INFO ] seabattlegui.SeaBattleApplication - Seabattle started
2020-10-13 14:44:19,829 [JavaFX Application Thread] [DEBUG] seabattlegui.SeaBattleApplication - Show Message for aa - Player aa registered
2020-10-13 14:45:11,487 [JavaFX Application Thread] [INFO ] seabattlegui.SeaBattleApplication - Seabattle started
2020-10-13 14:45:24,557 [JavaFX Application Thread] [DEBUG] seabattlegui.SeaBattleApplication - Show Message for aa - Player aa registered
2020-10-13 14:45:27,732 [JavaFX Application Thread] [DEBUG] seabattlegui.SeaBattleApplication - Show Message for aa - Select square in aa's grid to place ship
2020-10-13 14:49:07,240 [JavaFX Application Thread] [INFO ] seabattlegui.SeaBattleApplication - Seabattle started
2020-10-13 14:49:10,102 [JavaFX Application Thread] [DEBUG] seabattlegui.SeaBattleApplication - Show Message for aa - Player aa registered
2020-10-13 14:55:09,447 [JavaFX Application Thread] [INFO ] seabattlegui.SeaBattleApplication - Seabattle started
2020-10-13 14:55:13,294 [JavaFX Application Thread] [DEBUG] seabattlegui.SeaBattleApplication - Show Message for aa - Player aa registered
2020-10-13 15:25:43,709 [JavaFX Application Thread] [INFO ] seabattlegui.SeaBattleApplication - Seabattle started
2020-10-13 15:28:20,474 [JavaFX Application Thread] [INFO ] seabattlegui.SeaBattleApplication - Seabattle started
2020-10-13 15:28:24,575 [JavaFX Application Thread] [DEBUG] seabattlegui.SeaBattleApplication - Show Message for aaa - Player aaa registered
2020-10-13 15:31:14,176 [JavaFX Application Thread] [INFO ] seabattlegui.SeaBattleApplication - Seabattle started
2020-10-13 15:31:37,751 [JavaFX Application Thread] [DEBUG] seabattlegui.SeaBattleApplication - Show Message for  - Select square in 's grid to place ships
2020-10-13 15:31:46,160 [JavaFX Application Thread] [DEBUG] seabattlegui.SeaBattleApplication - Show Message for aa - Player aa registered
2020-10-13 15:32:20,763 [JavaFX Application Thread] [INFO ] seabattlegui.SeaBattleApplication - Seabattle started
2020-10-13 15:32:24,479 [JavaFX Application Thread] [DEBUG] seabattlegui.SeaBattleApplication - Show Message for aa - Player aa registered
2020-10-13 15:33:17,083 [JavaFX Application Thread] [INFO ] seabattlegui.SeaBattleApplication - Seabattle started
2020-10-13 15:33:21,375 [JavaFX Application Thread] [DEBUG] seabattlegui.SeaBattleApplication - Show Message for aa - Player aa registered
2020-10-13 15:35:07,134 [JavaFX Application Thread] [INFO ] seabattlegui.SeaBattleApplication - Seabattle started
2020-10-13 15:35:10,385 [JavaFX Application Thread] [DEBUG] seabattlegui.SeaBattleApplication - Show Message for aa - Player aa registered
2020-10-13 15:35:31,007 [JavaFX Application Thread] [INFO ] seabattlegui.SeaBattleApplication - Seabattle started
2020-10-13 15:35:36,544 [JavaFX Application Thread] [DEBUG] seabattlegui.SeaBattleApplication - Show Message for aa - Player aa registered
2020-10-13 15:36:30,004 [JavaFX Application Thread] [INFO ] seabattlegui.SeaBattleApplication - Seabattle started
2020-10-13 15:36:35,176 [JavaFX Application Thread] [DEBUG] seabattlegui.SeaBattleApplication - Show Message for aa - Player aa registered
2020-10-13 15:38:50,435 [JavaFX Application Thread] [INFO ] seabattlegui.SeaBattleApplication - Seabattle started
2020-10-13 15:38:53,952 [JavaFX Application Thread] [DEBUG] seabattlegui.SeaBattleApplication - Show Message for aa - Player aa registered
2020-10-13 15:41:02,222 [JavaFX Application Thread] [INFO ] seabattlegui.SeaBattleApplication - Seabattle started
2020-10-13 15:41:05,489 [JavaFX Application Thread] [DEBUG] seabattlegui.SeaBattleApplication - Show Message for aa - Player aa registered
2020-10-13 15:41:55,664 [JavaFX Application Thread] [INFO ] seabattlegui.SeaBattleApplication - Seabattle started
2020-10-13 15:42:00,224 [JavaFX Application Thread] [DEBUG] seabattlegui.SeaBattleApplication - Show Message for aa - Player aa registered
2020-10-13 15:42:07,640 [JavaFX Application Thread] [DEBUG] seabattlegui.SeaBattleApplication - Show Message for aa - Select square in aa's grid to place ship
2020-10-13 15:43:27,211 [JavaFX Application Thread] [INFO ] seabattlegui.SeaBattleApplication - Seabattle started
2020-10-13 15:43:31,225 [JavaFX Application Thread] [DEBUG] seabattlegui.SeaBattleApplication - Show Message for aa - Player aa registered
2020-10-13 15:45:41,398 [JavaFX Application Thread] [INFO ] seabattlegui.SeaBattleApplication - Seabattle started
2020-10-13 15:46:26,000 [JavaFX Application Thread] [INFO ] seabattlegui.SeaBattleApplication - Seabattle started
2020-10-13 15:46:29,634 [JavaFX Application Thread] [DEBUG] seabattlegui.SeaBattleApplication - Show Message for aa - Player aa registered
2020-10-13 15:48:46,229 [JavaFX Application Thread] [INFO ] seabattlegui.SeaBattleApplication - Seabattle started
2020-10-13 15:48:54,978 [JavaFX Application Thread] [DEBUG] seabattlegui.SeaBattleApplication - Show Message for aaa - Player aaa registered
2020-10-13 15:51:01,035 [JavaFX Application Thread] [INFO ] seabattlegui.SeaBattleApplication - Seabattle started
2020-10-13 15:51:05,081 [JavaFX Application Thread] [DEBUG] seabattlegui.SeaBattleApplication - Show Message for aa - Player aa registered
2020-10-13 15:52:56,311 [JavaFX Application Thread] [INFO ] seabattlegui.SeaBattleApplication - Seabattle started
2020-10-13 15:53:00,066 [JavaFX Application Thread] [DEBUG] seabattlegui.SeaBattleApplication - Show Message for aa - Player aa registered
2020-10-13 15:54:01,306 [JavaFX Application Thread] [INFO ] seabattlegui.SeaBattleApplication - Seabattle started
2020-10-13 15:54:06,730 [JavaFX Application Thread] [DEBUG] seabattlegui.SeaBattleApplication - Show Message for aa - Player aa registered
2020-10-13 15:54:59,534 [JavaFX Application Thread] [INFO ] seabattlegui.SeaBattleApplication - Seabattle started
2020-10-13 15:55:02,330 [JavaFX Application Thread] [DEBUG] seabattlegui.SeaBattleApplication - Show Message for aa - Player aa registered
2020-10-13 15:55:48,023 [JavaFX Application Thread] [INFO ] seabattlegui.SeaBattleApplication - Seabattle started
2020-10-13 15:55:51,955 [JavaFX Application Thread] [DEBUG] seabattlegui.SeaBattleApplication - Show Message for aa - Player aa registered
2020-10-13 15:56:43,441 [JavaFX Application Thread] [INFO ] seabattlegui.SeaBattleApplication - Seabattle started
2020-10-13 15:56:45,930 [JavaFX Application Thread] [DEBUG] seabattlegui.SeaBattleApplication - Show Message for aa - Player aa registered
2020-10-13 15:58:02,287 [JavaFX Application Thread] [INFO ] seabattlegui.SeaBattleApplication - Seabattle started
2020-10-13 15:58:05,738 [JavaFX Application Thread] [DEBUG] seabattlegui.SeaBattleApplication - Show Message for aa - Player aa registered
2020-10-13 15:58:49,232 [JavaFX Application Thread] [INFO ] seabattlegui.SeaBattleApplication - Seabattle started
2020-10-13 15:58:51,985 [JavaFX Application Thread] [DEBUG] seabattlegui.SeaBattleApplication - Show Message for aa - Player aa registered
2020-10-13 16:00:13,029 [JavaFX Application Thread] [INFO ] seabattlegui.SeaBattleApplication - Seabattle started
2020-10-13 16:00:16,562 [JavaFX Application Thread] [DEBUG] seabattlegui.SeaBattleApplication - Show Message for aa - Player aa registered
2020-10-13 16:00:34,016 [JavaFX Application Thread] [INFO ] seabattlegui.SeaBattleApplication - Seabattle started
2020-10-13 16:00:37,642 [JavaFX Application Thread] [DEBUG] seabattlegui.SeaBattleApplication - Show Message for aa - Player aa registered
2020-10-13 16:01:44,775 [JavaFX Application Thread] [INFO ] seabattlegui.SeaBattleApplication - Seabattle started
2020-10-13 16:01:48,234 [JavaFX Application Thread] [DEBUG] seabattlegui.SeaBattleApplication - Show Message for aa - Player aa registered
2020-10-13 16:03:03,964 [JavaFX Application Thread] [INFO ] seabattlegui.SeaBattleApplication - Seabattle started
2020-10-13 16:03:08,259 [JavaFX Application Thread] [DEBUG] seabattlegui.SeaBattleApplication - Show Message for aa - Player aa registered
2020-10-13 16:04:31,050 [JavaFX Application Thread] [INFO ] seabattlegui.SeaBattleApplication - Seabattle started
2020-10-13 16:04:34,258 [JavaFX Application Thread] [DEBUG] seabattlegui.SeaBattleApplication - Show Message for aa - Player aa registered
2020-10-13 16:04:49,366 [JavaFX Application Thread] [INFO ] seabattlegui.SeaBattleApplication - Seabattle started
2020-10-13 16:04:52,330 [JavaFX Application Thread] [DEBUG] seabattlegui.SeaBattleApplication - Show Message for aa - Player aa registered
2020-10-13 16:06:10,632 [JavaFX Application Thread] [INFO ] seabattlegui.SeaBattleApplication - Seabattle started
2020-10-13 16:06:14,090 [JavaFX Application Thread] [DEBUG] seabattlegui.SeaBattleApplication - Show Message for aa - Player aa registered
2020-10-13 16:06:31,657 [JavaFX Application Thread] [INFO ] seabattlegui.SeaBattleApplication - Seabattle started
2020-10-13 16:06:35,027 [JavaFX Application Thread] [DEBUG] seabattlegui.SeaBattleApplication - Show Message for aa - Player aa registered
2020-10-13 16:07:35,971 [JavaFX Application Thread] [INFO ] seabattlegui.SeaBattleApplication - Seabattle started
2020-10-13 16:07:40,019 [JavaFX Application Thread] [DEBUG] seabattlegui.SeaBattleApplication - Show Message for aa - Player aa registered
